<?xml version="1.0" encoding="UTF-8"?>
<robot generator="Robot 4.1.2 (Python 3.8.10 on linux)" generated="20220317 17:39:48.811" rpa="false" schemaversion="2">
<suite id="s1" name="Tests" source="/home/pwuser/ns8-module/tests">
<kw name="Connect to the node" type="SETUP">
<kw name="Open Connection" library="SSHLibrary">
<arg>${NODE_ADDR}</arg>
<doc>Opens a new SSH connection to the given ``host`` and ``port``.</doc>
<status status="PASS" starttime="20220317 17:39:48.985" endtime="20220317 17:39:48.986"/>
</kw>
<kw name="Login With Public Key" library="SSHLibrary">
<arg>root</arg>
<arg>${SSH_KEYFILE}</arg>
<doc>Logs into the SSH server using key-based authentication.</doc>
<msg timestamp="20220317 17:39:48.986" level="INFO">Logging into ':22' as 'root'.</msg>
<msg timestamp="20220317 17:39:48.993" level="FAIL">gaierror: [Errno -2] Name or service not known</msg>
<status status="FAIL" starttime="20220317 17:39:48.986" endtime="20220317 17:39:48.994"/>
</kw>
<kw name="Execute Command" library="SSHLibrary">
<var>${output}</var>
<arg>systemctl is-system-running</arg>
<arg>--wait</arg>
<doc>Executes ``command`` on the remote machine and returns its outputs.</doc>
<status status="NOT RUN" starttime="20220317 17:39:48.994" endtime="20220317 17:39:48.994"/>
</kw>
<kw name="Should Be True" library="BuiltIn">
<arg>'${output}' == 'running' or '${output}' == 'degraded'</arg>
<doc>Fails if the given condition is not true.</doc>
<status status="NOT RUN" starttime="20220317 17:39:48.995" endtime="20220317 17:39:48.995"/>
</kw>
<status status="FAIL" starttime="20220317 17:39:48.984" endtime="20220317 17:39:48.996"/>
</kw>
<suite id="s1-s1" name="Newui" source="/home/pwuser/ns8-module/tests/newui.robot">
<test id="s1-s1-t1" name="Check if newui is installed correctly">
<status status="FAIL" starttime="20220317 17:39:48.998" endtime="20220317 17:39:48.999">Parent suite setup failed:
gaierror: [Errno -2] Name or service not known</status>
</test>
<test id="s1-s1-t2" name="Check if newui can be configured">
<status status="FAIL" starttime="20220317 17:39:49.000" endtime="20220317 17:39:49.001">Parent suite setup failed:
gaierror: [Errno -2] Name or service not known</status>
</test>
<test id="s1-s1-t3" name="Check if newui works as expected">
<status status="FAIL" starttime="20220317 17:39:49.002" endtime="20220317 17:39:49.003">Parent suite setup failed:
gaierror: [Errno -2] Name or service not known</status>
</test>
<test id="s1-s1-t4" name="Check if newui is removed correctly">
<status status="FAIL" starttime="20220317 17:39:49.003" endtime="20220317 17:39:49.004">Parent suite setup failed:
gaierror: [Errno -2] Name or service not known</status>
</test>
<status status="FAIL" starttime="20220317 17:39:48.996" endtime="20220317 17:39:49.006">Parent suite setup failed:
gaierror: [Errno -2] Name or service not known</status>
</suite>
<status status="FAIL" starttime="20220317 17:39:48.813" endtime="20220317 17:39:49.007">Suite setup failed:
gaierror: [Errno -2] Name or service not known</status>
</suite>
<statistics>
<total>
<stat pass="0" fail="4" skip="0">All Tests</stat>
</total>
<tag>
</tag>
<suite>
<stat pass="0" fail="4" skip="0" id="s1" name="Tests">Tests</stat>
<stat pass="0" fail="4" skip="0" id="s1-s1" name="Newui">Tests.Newui</stat>
</suite>
</statistics>
<errors>
</errors>
</robot>
